<?xml version="1.0" encoding="UTF-8"?>
<!-- Generated by org.testng.reporters.JUnitReportReporter -->
<testsuite hostname="SUDHEERKUMAR-PC" name="com.hrms.TestScripts.Screenshot_webdriver" tests="1" failures="0" timestamp="21 Jan 2019 11:09:17 GMT" time="11.388" errors="0">
  <testcase name="screenshot" time="11.388" classname="com.hrms.TestScripts.Screenshot_webdriver"/>
</testsuite> <!-- com.hrms.TestScripts.Screenshot_webdriver -->
