<?xml version="1.0" encoding="UTF-8"?>
<!-- Generated by org.testng.reporters.JUnitReportReporter -->
<testsuite hostname="SUDHEERKUMAR-PC" name="com.hrms.TestScripts.TC_103_DeleteEmp" tests="1" failures="0" timestamp="21 Jan 2019 11:09:17 GMT" time="17.223" errors="0">
  <testcase name="Delete" time="17.223" classname="com.hrms.TestScripts.TC_103_DeleteEmp"/>
</testsuite> <!-- com.hrms.TestScripts.TC_103_DeleteEmp -->
