<?xml version="1.0" encoding="UTF-8"?>
<!-- Generated by org.testng.reporters.JUnitReportReporter -->
<testsuite hostname="SUDHEERKUMAR-PC" name="com.hrms.lib.General" tests="1" failures="0" timestamp="12 Jan 2019 07:06:26 GMT" time="2.017" errors="0">
  <testcase name="waiting" time="2.017" classname="com.hrms.lib.General"/>
</testsuite> <!-- com.hrms.lib.General -->
