<?xml version="1.0" encoding="UTF-8"?>
<!-- Generated by org.testng.reporters.JUnitReportReporter -->
<testsuite hostname="SUDHEERKUMAR-PC" name="mavenprac.Tc001" tests="1" failures="0" timestamp="12 Mar 2019 14:31:59 GMT" time="85.778" errors="0">
  <testcase name="TC_001" time="85.778" classname="mavenprac.Tc001"/>
</testsuite> <!-- mavenprac.Tc001 -->
