<?xml version="1.0" encoding="UTF-8"?>
<!-- Generated by org.testng.reporters.JUnitReportReporter -->
<testsuite hostname="SUDHEERKUMAR-PC" name="com.hrms.ts.TS_001" tests="1" failures="0" timestamp="1 Feb 2019 13:57:19 GMT" time="8.649" errors="0">
  <testcase name="ts001" time="8.649" classname="com.hrms.ts.TS_001"/>
</testsuite> <!-- com.hrms.ts.TS_001 -->
