<?xml version="1.0" encoding="UTF-8"?>
<!-- Generated by org.testng.reporters.JUnitReportReporter -->
<testsuite skipped="0" hostname="SUDHEERKUMAR-PC" name="Framework_lib.General" tests="2" failures="0" timestamp="21 Jan 2019 10:09:52 GMT" time="3.129" errors="0">
  <testcase name="Delete" time="1.258" classname="Framework_lib.General"/>
  <testcase name="Add" time="1.871" classname="Framework_lib.General"/>
</testsuite> <!-- Framework_lib.General -->
