<?xml version="1.0" encoding="UTF-8"?>
<!-- Generated by org.testng.reporters.JUnitReportReporter -->
<testsuite skipped="0" hostname="SUDHEERKUMAR-PC" name="framework_TC.TC_1" tests="1" failures="0" timestamp="21 Jan 2019 10:15:21 GMT" time="6.865" errors="0">
  <testcase name="sub" time="6.865" classname="framework_TC.TC_1"/>
</testsuite> <!-- framework_TC.TC_1 -->
