<?xml version="1.0" encoding="UTF-8"?>
<!-- Generated by org.testng.reporters.JUnitReportReporter -->
<testsuite hostname="SUDHEERKUMAR-PC" name="Hybrid_TS.HF_TS_001" tests="1" failures="0" timestamp="15 Feb 2019 06:17:41 GMT" time="20.829" errors="0">
  <testcase name="HFTS001" time="20.829" classname="Hybrid_TS.HF_TS_001"/>
</testsuite> <!-- Hybrid_TS.HF_TS_001 -->
