<?xml version="1.0" encoding="UTF-8"?>
<!-- Generated by org.testng.reporters.JUnitReportReporter -->
<testsuite hostname="SUDHEERKUMAR-PC" name="Hybrid_TS.HY_TS_002" tests="1" failures="0" timestamp="18 Feb 2019 04:51:43 GMT" time="19.934" errors="0">
  <testcase name="HFTS002" time="19.934" classname="Hybrid_TS.HY_TS_002"/>
</testsuite> <!-- Hybrid_TS.HY_TS_002 -->
