<?xml version="1.0" encoding="UTF-8"?>
<!-- Generated by org.testng.reporters.JUnitReportReporter -->
<testsuite hostname="SUDHEERKUMAR-PC" name="Test_suite.ts.Test_suite_001" tests="1" failures="0" timestamp="15 Feb 2019 04:17:54 GMT" time="30.666" errors="0">
  <testcase name="tc1" time="30.666" classname="Test_suite.ts.Test_suite_001"/>
</testsuite> <!-- Test_suite.ts.Test_suite_001 -->
