<?xml version="1.0" encoding="UTF-8"?>
<!-- Generated by org.testng.reporters.JUnitReportReporter -->
<testsuite hostname="SUDHEERKUMAR-PC" name="Test_suite.ts.Test_suite_002" tests="1" failures="0" timestamp="15 Feb 2019 04:17:54 GMT" time="8.595" errors="0">
  <testcase name="tc2" time="8.595" classname="Test_suite.ts.Test_suite_002"/>
</testsuite> <!-- Test_suite.ts.Test_suite_002 -->
