<?xml version="1.0" encoding="UTF-8"?>
<!-- Generated by org.testng.reporters.JUnitReportReporter -->
<testsuite hostname="SUDHEERKUMAR-PC" name="TestNG_TsetScripts.Testng_Tc001" tests="1" failures="0" timestamp="13 Feb 2019 13:55:27 GMT" time="11.318" errors="0">
  <testcase name="tc1" time="11.318" classname="TestNG_TsetScripts.Testng_Tc001"/>
</testsuite> <!-- TestNG_TsetScripts.Testng_Tc001 -->
