<?xml version="1.0" encoding="UTF-8"?>
<!-- Generated by org.testng.reporters.JUnitReportReporter -->
<testsuite hostname="SUDHEERKUMAR-PC" name="RealtorScripts.TC_001" tests="1" failures="0" timestamp="13 Feb 2019 05:07:09 GMT" time="27.842" errors="0">
  <testcase name="tc001" time="27.842" classname="RealtorScripts.TC_001"/>
</testsuite> <!-- RealtorScripts.TC_001 -->
